0 info it worked if it ends with ok
1 verbose cli [ '/usr/bin/node', '/usr/bin/npm', 'install', 'uglifyjs', '-g' ]
2 info using npm@3.5.2
3 info using node@v8.10.0
4 silly loadCurrentTree Starting
5 silly install loadCurrentTree
6 silly install readGlobalPackageData
7 silly fetchPackageMetaData uglifyjs
8 silly fetchNamedPackageData uglifyjs
9 silly mapToRegistry name uglifyjs
10 silly mapToRegistry using default registry
11 silly mapToRegistry registry https://registry.npmjs.org/
12 silly mapToRegistry uri https://registry.npmjs.org/uglifyjs
13 verbose request uri https://registry.npmjs.org/uglifyjs
14 verbose request no auth needed
15 info attempt registry request try #1 at 10:59:12
16 verbose request id 90a01f7c07e8cae3
17 http request GET https://registry.npmjs.org/uglifyjs
18 http 200 https://registry.npmjs.org/uglifyjs
19 verbose headers { date: 'Wed, 29 Jan 2020 12:59:14 GMT',
19 verbose headers   'content-type': 'application/json; charset=UTF-8',
19 verbose headers   'transfer-encoding': 'chunked',
19 verbose headers   connection: 'keep-alive',
19 verbose headers   'set-cookie':
19 verbose headers    [ '__cfduid=d38df6991f084f6b001f64bfc3569feae1580302753; expires=Fri, 28-Feb-20 12:59:13 GMT; path=/; domain=.npmjs.org; HttpOnly; SameSite=Lax' ],
19 verbose headers   'cf-ray': '55cb61cfbb9cf3bb-GRU',
19 verbose headers   'cache-control': 'public, max-age=300',
19 verbose headers   etag: 'W/"7fc52cb6c12a0c794c0d5aa1ea67f866"',
19 verbose headers   'last-modified': 'Sun, 27 May 2018 20:21:29 GMT',
19 verbose headers   vary: 'accept-encoding, accept',
19 verbose headers   'cf-cache-status': 'REVALIDATED',
19 verbose headers   'expect-ct': 'max-age=604800, report-uri="https://report-uri.cloudflare.com/cdn-cgi/beacon/expect-ct"',
19 verbose headers   server: 'cloudflare',
19 verbose headers   'content-encoding': 'gzip' }
20 silly get cb [ 200,
20 silly get   { date: 'Wed, 29 Jan 2020 12:59:14 GMT',
20 silly get     'content-type': 'application/json; charset=UTF-8',
20 silly get     'transfer-encoding': 'chunked',
20 silly get     connection: 'keep-alive',
20 silly get     'set-cookie':
20 silly get      [ '__cfduid=d38df6991f084f6b001f64bfc3569feae1580302753; expires=Fri, 28-Feb-20 12:59:13 GMT; path=/; domain=.npmjs.org; HttpOnly; SameSite=Lax' ],
20 silly get     'cf-ray': '55cb61cfbb9cf3bb-GRU',
20 silly get     'cache-control': 'public, max-age=300',
20 silly get     etag: 'W/"7fc52cb6c12a0c794c0d5aa1ea67f866"',
20 silly get     'last-modified': 'Sun, 27 May 2018 20:21:29 GMT',
20 silly get     vary: 'accept-encoding, accept',
20 silly get     'cf-cache-status': 'REVALIDATED',
20 silly get     'expect-ct': 'max-age=604800, report-uri="https://report-uri.cloudflare.com/cdn-cgi/beacon/expect-ct"',
20 silly get     server: 'cloudflare',
20 silly get     'content-encoding': 'gzip' } ]
21 verbose get saving uglifyjs to /home/levi/.npm/registry.npmjs.org/uglifyjs/.cache.json
22 silly install normalizeTree
23 silly loadCurrentTree Finishing
24 silly loadIdealTree Starting
25 silly install loadIdealTree
26 silly cloneCurrentTree Starting
27 silly install cloneCurrentTreeToIdealTree
28 silly cloneCurrentTree Finishing
29 silly loadShrinkwrap Starting
30 silly install loadShrinkwrap
31 silly loadShrinkwrap Finishing
32 silly loadAllDepsIntoIdealTree Starting
33 silly install loadAllDepsIntoIdealTree
34 silly resolveWithNewModule uglifyjs@2.4.11 checking installable status
35 silly cache add args [ 'uglifyjs', null ]
36 verbose cache add spec uglifyjs
37 silly cache add parsed spec Result {
37 silly cache add   raw: 'uglifyjs',
37 silly cache add   scope: null,
37 silly cache add   name: 'uglifyjs',
37 silly cache add   rawSpec: '',
37 silly cache add   spec: 'latest',
37 silly cache add   type: 'tag' }
38 silly addNamed uglifyjs@latest
39 verbose addNamed "latest" is being treated as a dist-tag for uglifyjs
40 info addNameTag [ 'uglifyjs', 'latest' ]
41 silly mapToRegistry name uglifyjs
42 silly mapToRegistry using default registry
43 silly mapToRegistry registry https://registry.npmjs.org/
44 silly mapToRegistry uri https://registry.npmjs.org/uglifyjs
45 verbose addNameTag registry:https://registry.npmjs.org/uglifyjs not in flight; fetching
46 verbose get https://registry.npmjs.org/uglifyjs not expired, no request
47 silly addNameTag next cb for uglifyjs with tag latest
48 silly addNamed uglifyjs@2.4.11
49 verbose addNamed "2.4.11" is a plain semver version for uglifyjs
50 warn deprecated uglifyjs@2.4.11: uglifyjs is deprecated - use uglify-js instead.
51 silly mapToRegistry name uglifyjs
52 silly mapToRegistry using default registry
53 silly mapToRegistry registry https://registry.npmjs.org/
54 silly mapToRegistry uri https://registry.npmjs.org/uglifyjs
55 verbose addRemoteTarball https://registry.npmjs.org/uglifyjs/-/uglifyjs-2.4.11.tgz not in flight; adding
56 verbose addRemoteTarball [ 'https://registry.npmjs.org/uglifyjs/-/uglifyjs-2.4.11.tgz',
56 verbose addRemoteTarball   '3440d64e045759589524418eb641c68bb90d113e' ]
57 info retry fetch attempt 1 at 10:59:14
58 info attempt registry request try #1 at 10:59:14
59 http fetch GET https://registry.npmjs.org/uglifyjs/-/uglifyjs-2.4.11.tgz
60 http fetch 200 https://registry.npmjs.org/uglifyjs/-/uglifyjs-2.4.11.tgz
61 silly fetchAndShaCheck shasum 3440d64e045759589524418eb641c68bb90d113e
62 verbose addTmpTarball /tmp/npm-653-4771203f/registry.npmjs.org/uglifyjs/-/uglifyjs-2.4.11.tgz not in flight; adding
63 verbose addTmpTarball already have metadata; skipping unpack for uglifyjs@2.4.11
64 silly cache afterAdd uglifyjs@2.4.11
65 verbose afterAdd /home/levi/.npm/uglifyjs/2.4.11/package/package.json not in flight; writing
66 verbose afterAdd /home/levi/.npm/uglifyjs/2.4.11/package/package.json written
67 silly loadAllDepsIntoIdealTree Finishing
68 silly idealTree:prePrune lib
68 silly idealTree:prePrune └── uglifyjs@2.4.11
69 silly loadIdealTree Finishing
70 silly currentTree lib
71 silly idealTree lib
71 silly idealTree └── uglifyjs@2.4.11
72 silly generateActionsToTake Starting
73 silly install generateActionsToTake
74 warn checkPermissions Missing write access to /usr/local/lib/node_modules
75 silly rollbackFailedOptional Starting
76 silly rollbackFailedOptional Finishing
77 silly runTopLevelLifecycles Starting
78 silly runTopLevelLifecycles Finishing
79 silly install printInstalled
80 verbose stack Error: EACCES: permission denied, access '/usr/local/lib/node_modules'
81 verbose cwd /home/levi/Documentos/alura/formação/Html-css/performance-web-1
82 error Linux 5.3.0-26-generic
83 error argv "/usr/bin/node" "/usr/bin/npm" "install" "uglifyjs" "-g"
84 error node v8.10.0
85 error npm  v3.5.2
86 error path /usr/local/lib/node_modules
87 error code EACCES
88 error errno -13
89 error syscall access
90 error Error: EACCES: permission denied, access '/usr/local/lib/node_modules'
90 error  { Error: EACCES: permission denied, access '/usr/local/lib/node_modules'
90 error   errno: -13,
90 error   code: 'EACCES',
90 error   syscall: 'access',
90 error   path: '/usr/local/lib/node_modules' }
91 error Please try running this command again as root/Administrator.
92 verbose exit [ -13, true ]
